\BOOKMARK [0][-]{chapter*.1}{\376\377\000C\000e\000r\000t\000i\000f\000i\000c\000a\000t\000e}{}% 1
\BOOKMARK [0][-]{chapter*.2}{\376\377\000D\000e\000c\000l\000a\000r\000a\000t\000i\000o\000n}{}% 2
\BOOKMARK [0][-]{chapter*.3}{\376\377\000A\000c\000k\000n\000o\000w\000l\000e\000d\000g\000e\000m\000e\000n\000t}{}% 3
\BOOKMARK [0][-]{chapter*.4}{\376\377\000A\000b\000s\000t\000r\000a\000c\000t}{}% 4
\BOOKMARK [0][-]{chapter.1}{\376\377\000I\000n\000t\000r\000o\000d\000u\000c\000t\000i\000o\000n}{}% 5
\BOOKMARK [1][-]{section.1.1}{\376\377\000B\000a\000c\000k\000g\000r\000o\000u\000n\000d\000\040\000a\000n\000d\000\040\000M\000o\000t\000i\000v\000a\000t\000i\000o\000n}{chapter.1}% 6
\BOOKMARK [1][-]{section.1.2}{\376\377\000P\000r\000o\000b\000l\000e\000m\000\040\000D\000e\000f\000i\000n\000i\000t\000i\000o\000n}{chapter.1}% 7
\BOOKMARK [1][-]{section.1.3}{\376\377\000P\000r\000o\000j\000e\000c\000t\000\040\000O\000b\000j\000e\000c\000t\000i\000v\000e\000s}{chapter.1}% 8
\BOOKMARK [1][-]{section.1.4}{\376\377\000S\000c\000o\000p\000e\000\040\000o\000f\000\040\000t\000h\000e\000\040\000P\000r\000o\000j\000e\000c\000t}{chapter.1}% 9
\BOOKMARK [1][-]{section.1.5}{\376\377\000O\000r\000g\000a\000n\000i\000z\000a\000t\000i\000o\000n\000\040\000o\000f\000\040\000t\000h\000e\000\040\000R\000e\000p\000o\000r\000t}{chapter.1}% 10
\BOOKMARK [0][-]{chapter.2}{\376\377\000L\000i\000t\000e\000r\000a\000t\000u\000r\000e\000\040\000R\000e\000v\000i\000e\000w}{}% 11
\BOOKMARK [1][-]{section.2.1}{\376\377\000I\000n\000t\000r\000o\000d\000u\000c\000t\000i\000o\000n}{chapter.2}% 12
\BOOKMARK [1][-]{section.2.2}{\376\377\000T\000h\000e\000\040\000R\000u\000l\000e\000-\000B\000a\000s\000e\000d\000\040\000E\000r\000a}{chapter.2}% 13
\BOOKMARK [1][-]{section.2.3}{\376\377\000M\000a\000c\000h\000i\000n\000e\000\040\000L\000e\000a\000r\000n\000i\000n\000g\000\040\000A\000p\000p\000r\000o\000a\000c\000h\000e\000s\000\040\000t\000o\000\040\000F\000r\000a\000u\000d\000\040\000D\000e\000t\000e\000c\000t\000i\000o\000n}{chapter.2}% 14
\BOOKMARK [2][-]{subsection.2.3.1}{\376\377\000L\000o\000g\000i\000s\000t\000i\000c\000\040\000R\000e\000g\000r\000e\000s\000s\000i\000o\000n}{section.2.3}% 15
\BOOKMARK [2][-]{subsection.2.3.2}{\376\377\000R\000a\000n\000d\000o\000m\000\040\000F\000o\000r\000e\000s\000t}{section.2.3}% 16
\BOOKMARK [2][-]{subsection.2.3.3}{\376\377\000G\000r\000a\000d\000i\000e\000n\000t\000\040\000B\000o\000o\000s\000t\000i\000n\000g\000:\000\040\000X\000G\000B\000o\000o\000s\000t\000\040\000a\000n\000d\000\040\000L\000i\000g\000h\000t\000G\000B\000M}{section.2.3}% 17
\BOOKMARK [2][-]{subsection.2.3.4}{\376\377\000N\000e\000u\000r\000a\000l\000\040\000N\000e\000t\000w\000o\000r\000k\000s\000\040\000a\000n\000d\000\040\000D\000e\000e\000p\000\040\000L\000e\000a\000r\000n\000i\000n\000g}{section.2.3}% 18
\BOOKMARK [1][-]{section.2.4}{\376\377\000H\000a\000n\000d\000l\000i\000n\000g\000\040\000C\000l\000a\000s\000s\000\040\000I\000m\000b\000a\000l\000a\000n\000c\000e}{chapter.2}% 19
\BOOKMARK [1][-]{section.2.5}{\376\377\000G\000r\000a\000p\000h\000-\000B\000a\000s\000e\000d\000\040\000F\000r\000a\000u\000d\000\040\000D\000e\000t\000e\000c\000t\000i\000o\000n}{chapter.2}% 20
\BOOKMARK [1][-]{section.2.6}{\376\377\000C\000o\000s\000t\000-\000S\000e\000n\000s\000i\000t\000i\000v\000e\000\040\000L\000e\000a\000r\000n\000i\000n\000g}{chapter.2}% 21
\BOOKMARK [1][-]{section.2.7}{\376\377\000D\000e\000p\000l\000o\000y\000m\000e\000n\000t\000\040\000A\000r\000c\000h\000i\000t\000e\000c\000t\000u\000r\000e\000s}{chapter.2}% 22
\BOOKMARK [1][-]{section.2.8}{\376\377\000R\000e\000s\000e\000a\000r\000c\000h\000\040\000G\000a\000p\000s\000\040\000a\000n\000d\000\040\000O\000u\000r\000\040\000C\000o\000n\000t\000r\000i\000b\000u\000t\000i\000o\000n}{chapter.2}% 23
\BOOKMARK [0][-]{chapter.3}{\376\377\000M\000e\000t\000h\000o\000d\000o\000l\000o\000g\000y}{}% 24
\BOOKMARK [1][-]{section.3.1}{\376\377\000O\000v\000e\000r\000v\000i\000e\000w\000\040\000o\000f\000\040\000t\000h\000e\000\040\000A\000p\000p\000r\000o\000a\000c\000h}{chapter.3}% 25
\BOOKMARK [1][-]{section.3.2}{\376\377\000D\000a\000t\000a\000s\000e\000t}{chapter.3}% 26
\BOOKMARK [2][-]{subsection.3.2.1}{\376\377\000S\000o\000u\000r\000c\000e\000\040\000a\000n\000d\000\040\000S\000i\000z\000e}{section.3.2}% 27
\BOOKMARK [2][-]{subsection.3.2.2}{\376\377\000D\000a\000t\000a\000s\000e\000t\000\040\000F\000i\000e\000l\000d\000s}{section.3.2}% 28
\BOOKMARK [2][-]{subsection.3.2.3}{\376\377\000C\000l\000a\000s\000s\000\040\000D\000i\000s\000t\000r\000i\000b\000u\000t\000i\000o\000n}{section.3.2}% 29
\BOOKMARK [1][-]{section.3.3}{\376\377\000F\000e\000a\000t\000u\000r\000e\000\040\000E\000n\000g\000i\000n\000e\000e\000r\000i\000n\000g}{chapter.3}% 30
\BOOKMARK [2][-]{subsection.3.3.1}{\376\377\000D\000a\000t\000a\000\040\000C\000l\000e\000a\000n\000i\000n\000g\000\040\000a\000n\000d\000\040\000T\000i\000m\000e\000s\000t\000a\000m\000p\000\040\000P\000a\000r\000s\000i\000n\000g}{section.3.3}% 31
\BOOKMARK [2][-]{subsection.3.3.2}{\376\377\000T\000e\000m\000p\000o\000r\000a\000l\000\040\000F\000e\000a\000t\000u\000r\000e\000s}{section.3.3}% 32
\BOOKMARK [2][-]{subsection.3.3.3}{\376\377\000T\000r\000a\000n\000s\000a\000c\000t\000i\000o\000n\000\040\000V\000e\000l\000o\000c\000i\000t\000y\000\040\000F\000e\000a\000t\000u\000r\000e}{section.3.3}% 33
\BOOKMARK [2][-]{subsection.3.3.4}{\376\377\000B\000e\000h\000a\000v\000i\000o\000r\000a\000l\000\040\000P\000r\000o\000f\000i\000l\000i\000n\000g\000\040\000F\000e\000a\000t\000u\000r\000e\000s}{section.3.3}% 34
\BOOKMARK [2][-]{subsection.3.3.5}{\376\377\000Z\000-\000S\000c\000o\000r\000e\000\040\000A\000n\000o\000m\000a\000l\000y\000\040\000D\000e\000t\000e\000c\000t\000i\000o\000n}{section.3.3}% 35
\BOOKMARK [2][-]{subsection.3.3.6}{\376\377\000G\000r\000a\000p\000h\000\040\000F\000e\000a\000t\000u\000r\000e\000s}{section.3.3}% 36
\BOOKMARK [2][-]{subsection.3.3.7}{\376\377\000C\000r\000o\000s\000s\000-\000S\000t\000a\000t\000e\000\040\000a\000n\000d\000\040\000C\000r\000o\000s\000s\000-\000B\000a\000n\000k\000\040\000F\000l\000a\000g\000s}{section.3.3}% 37
\BOOKMARK [2][-]{subsection.3.3.8}{\376\377\000C\000a\000t\000e\000g\000o\000r\000i\000c\000a\000l\000\040\000E\000n\000c\000o\000d\000i\000n\000g}{section.3.3}% 38
\BOOKMARK [1][-]{section.3.4}{\376\377\000D\000a\000t\000a\000\040\000S\000p\000l\000i\000t\000t\000i\000n\000g\000\040\000S\000t\000r\000a\000t\000e\000g\000y}{chapter.3}% 39
\BOOKMARK [1][-]{section.3.5}{\376\377\000M\000o\000d\000e\000l\000\040\000S\000e\000l\000e\000c\000t\000i\000o\000n\000\040\000a\000n\000d\000\040\000C\000o\000n\000f\000i\000g\000u\000r\000a\000t\000i\000o\000n}{chapter.3}% 40
\BOOKMARK [2][-]{subsection.3.5.1}{\376\377\000C\000h\000o\000i\000c\000e\000\040\000o\000f\000\040\000X\000G\000B\000o\000o\000s\000t}{section.3.5}% 41
\BOOKMARK [2][-]{subsection.3.5.2}{\376\377\000H\000a\000n\000d\000l\000i\000n\000g\000\040\000C\000l\000a\000s\000s\000\040\000I\000m\000b\000a\000l\000a\000n\000c\000e}{section.3.5}% 42
\BOOKMARK [2][-]{subsection.3.5.3}{\376\377\000X\000G\000B\000o\000o\000s\000t\000\040\000H\000y\000p\000e\000r\000p\000a\000r\000a\000m\000e\000t\000e\000r\000s}{section.3.5}% 43
\BOOKMARK [1][-]{section.3.6}{\376\377\000C\000o\000s\000t\000-\000S\000e\000n\000s\000i\000t\000i\000v\000e\000\040\000T\000h\000r\000e\000s\000h\000o\000l\000d\000\040\000O\000p\000t\000i\000m\000i\000z\000a\000t\000i\000o\000n}{chapter.3}% 44
\BOOKMARK [1][-]{section.3.7}{\376\377\000E\000v\000a\000l\000u\000a\000t\000i\000o\000n\000\040\000M\000e\000t\000r\000i\000c\000s}{chapter.3}% 45
\BOOKMARK [0][-]{chapter.4}{\376\377\000S\000y\000s\000t\000e\000m\000\040\000A\000r\000c\000h\000i\000t\000e\000c\000t\000u\000r\000e\000\040\000a\000n\000d\000\040\000D\000e\000s\000i\000g\000n}{}% 46
\BOOKMARK [1][-]{section.4.1}{\376\377\000O\000v\000e\000r\000a\000l\000l\000\040\000A\000r\000c\000h\000i\000t\000e\000c\000t\000u\000r\000e}{chapter.4}% 47
\BOOKMARK [1][-]{section.4.2}{\376\377\000P\000r\000o\000j\000e\000c\000t\000\040\000F\000o\000l\000d\000e\000r\000\040\000S\000t\000r\000u\000c\000t\000u\000r\000e}{chapter.4}% 48
\BOOKMARK [1][-]{section.4.3}{\376\377\000M\000o\000d\000u\000l\000e\000\040\000D\000e\000s\000c\000r\000i\000p\000t\000i\000o\000n\000s}{chapter.4}% 49
\BOOKMARK [2][-]{subsection.4.3.1}{\376\377\000p\000r\000e\000p\000r\000o\000c\000e\000s\000s\000.\000p\000y\000\040\000F\000e\000a\000t\000u\000r\000e\000\040\000E\000n\000g\000i\000n\000e\000e\000r\000i\000n\000g\000\040\000M\000o\000d\000u\000l\000e}{section.4.3}% 50
\BOOKMARK [2][-]{subsection.4.3.2}{\376\377\000t\000r\000a\000i\000n\000.\000p\000y\000\040\000M\000o\000d\000e\000l\000\040\000T\000r\000a\000i\000n\000i\000n\000g\000\040\000M\000o\000d\000u\000l\000e}{section.4.3}% 51
\BOOKMARK [2][-]{subsection.4.3.3}{\376\377\000o\000p\000t\000i\000m\000i\000z\000e\000\137\000t\000h\000r\000e\000s\000h\000o\000l\000d\000.\000p\000y\000\040\000T\000h\000r\000e\000s\000h\000o\000l\000d\000\040\000O\000p\000t\000i\000m\000i\000z\000a\000t\000i\000o\000n\000\040\000M\000o\000d\000u\000l\000e}{section.4.3}% 52
\BOOKMARK [2][-]{subsection.4.3.4}{\376\377\000a\000p\000i\000/\000m\000a\000i\000n\000.\000p\000y\000\040\000F\000a\000s\000t\000A\000P\000I\000\040\000R\000E\000S\000T\000\040\000A\000P\000I\000\040\000M\000o\000d\000u\000l\000e}{section.4.3}% 53
\BOOKMARK [2][-]{subsection.4.3.5}{\376\377\000u\000i\000/\000d\000a\000s\000h\000b\000o\000a\000r\000d\000.\000p\000y\000\040\000S\000t\000r\000e\000a\000m\000l\000i\000t\000\040\000D\000a\000s\000h\000b\000o\000a\000r\000d\000\040\000M\000o\000d\000u\000l\000e}{section.4.3}% 54
\BOOKMARK [1][-]{section.4.4}{\376\377\000D\000a\000t\000a\000\040\000F\000l\000o\000w\000\040\000f\000o\000r\000\040\000a\000\040\000L\000i\000v\000e\000\040\000P\000r\000e\000d\000i\000c\000t\000i\000o\000n\000\040\000R\000e\000q\000u\000e\000s\000t}{chapter.4}% 55
\BOOKMARK [1][-]{section.4.5}{\376\377\000M\000o\000d\000e\000l\000\040\000A\000r\000t\000i\000f\000a\000c\000t\000s\000\040\000a\000n\000d\000\040\000S\000e\000r\000i\000a\000l\000i\000z\000a\000t\000i\000o\000n}{chapter.4}% 56
\BOOKMARK [0][-]{chapter.5}{\376\377\000I\000m\000p\000l\000e\000m\000e\000n\000t\000a\000t\000i\000o\000n}{}% 57
\BOOKMARK [1][-]{section.5.1}{\376\377\000D\000e\000v\000e\000l\000o\000p\000m\000e\000n\000t\000\040\000E\000n\000v\000i\000r\000o\000n\000m\000e\000n\000t}{chapter.5}% 58
\BOOKMARK [1][-]{section.5.2}{\376\377\000I\000n\000s\000t\000a\000l\000l\000a\000t\000i\000o\000n\000\040\000a\000n\000d\000\040\000S\000e\000t\000u\000p}{chapter.5}% 59
\BOOKMARK [2][-]{subsection.5.2.1}{\376\377\000C\000l\000o\000n\000i\000n\000g\000\040\000t\000h\000e\000\040\000R\000e\000p\000o\000s\000i\000t\000o\000r\000y}{section.5.2}% 60
\BOOKMARK [2][-]{subsection.5.2.2}{\376\377\000C\000r\000e\000a\000t\000i\000n\000g\000\040\000t\000h\000e\000\040\000V\000i\000r\000t\000u\000a\000l\000\040\000E\000n\000v\000i\000r\000o\000n\000m\000e\000n\000t}{section.5.2}% 61
\BOOKMARK [2][-]{subsection.5.2.3}{\376\377\000I\000n\000s\000t\000a\000l\000l\000i\000n\000g\000\040\000D\000e\000p\000e\000n\000d\000e\000n\000c\000i\000e\000s}{section.5.2}% 62
\BOOKMARK [1][-]{section.5.3}{\376\377\000I\000m\000p\000l\000e\000m\000e\000n\000t\000a\000t\000i\000o\000n\000\040\000o\000f\000\040\000t\000h\000e\000\040\000P\000r\000e\000p\000r\000o\000c\000e\000s\000s\000i\000n\000g\000\040\000M\000o\000d\000u\000l\000e}{chapter.5}% 63
\BOOKMARK [2][-]{subsection.5.3.1}{\376\377\000C\000o\000m\000p\000l\000e\000t\000e\000\040\000b\000u\000i\000l\000d\000\137\000f\000e\000a\000t\000u\000r\000e\000s\000\050\000\051\000\040\000F\000u\000n\000c\000t\000i\000o\000n}{section.5.3}% 64
\BOOKMARK [1][-]{section.5.4}{\376\377\000I\000m\000p\000l\000e\000m\000e\000n\000t\000a\000t\000i\000o\000n\000\040\000o\000f\000\040\000t\000h\000e\000\040\000T\000r\000a\000i\000n\000i\000n\000g\000\040\000M\000o\000d\000u\000l\000e}{chapter.5}% 65
\BOOKMARK [2][-]{subsection.5.4.1}{\376\377\000D\000a\000t\000a\000\040\000L\000o\000a\000d\000i\000n\000g\000\040\000a\000n\000d\000\040\000F\000e\000a\000t\000u\000r\000e\000\040\000B\000u\000i\000l\000d\000i\000n\000g}{section.5.4}% 66
\BOOKMARK [2][-]{subsection.5.4.2}{\376\377\000D\000a\000t\000a\000\040\000S\000p\000l\000i\000t\000t\000i\000n\000g}{section.5.4}% 67
\BOOKMARK [2][-]{subsection.5.4.3}{\376\377\000C\000l\000a\000s\000s\000\040\000I\000m\000b\000a\000l\000a\000n\000c\000e\000\040\000H\000a\000n\000d\000l\000i\000n\000g\000\040\000a\000n\000d\000\040\000M\000o\000d\000e\000l\000\040\000T\000r\000a\000i\000n\000i\000n\000g}{section.5.4}% 68
\BOOKMARK [2][-]{subsection.5.4.4}{\376\377\000T\000h\000r\000e\000s\000h\000o\000l\000d\000\040\000O\000p\000t\000i\000m\000i\000z\000a\000t\000i\000o\000n}{section.5.4}% 69
\BOOKMARK [2][-]{subsection.5.4.5}{\376\377\000M\000o\000d\000e\000l\000\040\000P\000e\000r\000s\000i\000s\000t\000e\000n\000c\000e}{section.5.4}% 70
\BOOKMARK [1][-]{section.5.5}{\376\377\000I\000m\000p\000l\000e\000m\000e\000n\000t\000a\000t\000i\000o\000n\000\040\000o\000f\000\040\000t\000h\000e\000\040\000F\000a\000s\000t\000A\000P\000I\000\040\000E\000n\000d\000p\000o\000i\000n\000t}{chapter.5}% 71
\BOOKMARK [1][-]{section.5.6}{\376\377\000I\000m\000p\000l\000e\000m\000e\000n\000t\000a\000t\000i\000o\000n\000\040\000o\000f\000\040\000t\000h\000e\000\040\000S\000t\000r\000e\000a\000m\000l\000i\000t\000\040\000D\000a\000s\000h\000b\000o\000a\000r\000d}{chapter.5}% 72
\BOOKMARK [2][-]{subsection.5.6.1}{\376\377\000S\000e\000s\000s\000i\000o\000n\000\040\000S\000t\000a\000t\000e\000\040\000M\000a\000n\000a\000g\000e\000m\000e\000n\000t}{section.5.6}% 73
\BOOKMARK [2][-]{subsection.5.6.2}{\376\377\000R\000i\000s\000k\000\040\000G\000a\000u\000g\000e\000\040\000V\000i\000s\000u\000a\000l\000i\000z\000a\000t\000i\000o\000n}{section.5.6}% 74
\BOOKMARK [1][-]{section.5.7}{\376\377\000R\000u\000n\000n\000i\000n\000g\000\040\000t\000h\000e\000\040\000S\000y\000s\000t\000e\000m}{chapter.5}% 75
\BOOKMARK [2][-]{subsection.5.7.1}{\376\377\000T\000r\000a\000i\000n\000i\000n\000g\000\040\000t\000h\000e\000\040\000M\000o\000d\000e\000l}{section.5.7}% 76
\BOOKMARK [2][-]{subsection.5.7.2}{\376\377\000O\000p\000t\000i\000m\000i\000z\000i\000n\000g\000\040\000t\000h\000e\000\040\000T\000h\000r\000e\000s\000h\000o\000l\000d}{section.5.7}% 77
\BOOKMARK [2][-]{subsection.5.7.3}{\376\377\000S\000t\000a\000r\000t\000i\000n\000g\000\040\000t\000h\000e\000\040\000A\000P\000I\000\040\000S\000e\000r\000v\000e\000r}{section.5.7}% 78
\BOOKMARK [2][-]{subsection.5.7.4}{\376\377\000S\000t\000a\000r\000t\000i\000n\000g\000\040\000t\000h\000e\000\040\000D\000a\000s\000h\000b\000o\000a\000r\000d}{section.5.7}% 79
\BOOKMARK [2][-]{subsection.5.7.5}{\376\377\000T\000e\000s\000t\000i\000n\000g\000\040\000t\000h\000e\000\040\000A\000P\000I\000\040\000w\000i\000t\000h\000\040\000a\000\040\000S\000a\000m\000p\000l\000e\000\040\000R\000e\000q\000u\000e\000s\000t}{section.5.7}% 80
\BOOKMARK [0][-]{chapter.6}{\376\377\000T\000e\000s\000t\000i\000n\000g\000\040\000a\000n\000d\000\040\000R\000e\000s\000u\000l\000t\000s}{}% 81
\BOOKMARK [1][-]{section.6.1}{\376\377\000T\000e\000s\000t\000i\000n\000g\000\040\000S\000t\000r\000a\000t\000e\000g\000y}{chapter.6}% 82
\BOOKMARK [2][-]{subsection.6.1.1}{\376\377\000U\000n\000i\000t\000\040\000T\000e\000s\000t\000i\000n\000g\000\040\000F\000e\000a\000t\000u\000r\000e\000\040\000E\000n\000g\000i\000n\000e\000e\000r\000i\000n\000g}{section.6.1}% 83
\BOOKMARK [2][-]{subsection.6.1.2}{\376\377\000I\000n\000t\000e\000g\000r\000a\000t\000i\000o\000n\000\040\000T\000e\000s\000t\000i\000n\000g\000\040\000A\000P\000I\000\040\000E\000n\000d\000p\000o\000i\000n\000t}{section.6.1}% 84
\BOOKMARK [1][-]{section.6.2}{\376\377\000M\000o\000d\000e\000l\000\040\000P\000e\000r\000f\000o\000r\000m\000a\000n\000c\000e\000\040\000R\000e\000s\000u\000l\000t\000s}{chapter.6}% 85
\BOOKMARK [2][-]{subsection.6.2.1}{\376\377\000F\000i\000n\000a\000l\000\040\000T\000e\000s\000t\000\040\000S\000e\000t\000\040\000E\000v\000a\000l\000u\000a\000t\000i\000o\000n}{section.6.2}% 86
\BOOKMARK [2][-]{subsection.6.2.2}{\376\377\000C\000o\000n\000f\000u\000s\000i\000o\000n\000\040\000M\000a\000t\000r\000i\000x}{section.6.2}% 87
\BOOKMARK [2][-]{subsection.6.2.3}{\376\377\000C\000l\000a\000s\000s\000i\000f\000i\000c\000a\000t\000i\000o\000n\000\040\000R\000e\000p\000o\000r\000t}{section.6.2}% 88
\BOOKMARK [2][-]{subsection.6.2.4}{\376\377\000C\000o\000s\000t\000-\000S\000e\000n\000s\000i\000t\000i\000v\000e\000\040\000T\000h\000r\000e\000s\000h\000o\000l\000d\000\040\000A\000n\000a\000l\000y\000s\000i\000s}{section.6.2}% 89
\BOOKMARK [1][-]{section.6.3}{\376\377\000F\000e\000a\000t\000u\000r\000e\000\040\000I\000m\000p\000o\000r\000t\000a\000n\000c\000e\000\040\000A\000n\000a\000l\000y\000s\000i\000s}{chapter.6}% 90
\BOOKMARK [1][-]{section.6.4}{\376\377\000C\000o\000m\000p\000a\000r\000i\000s\000o\000n\000\040\000w\000i\000t\000h\000\040\000B\000a\000s\000e\000l\000i\000n\000e\000\040\000M\000o\000d\000e\000l\000s}{chapter.6}% 91
\BOOKMARK [1][-]{section.6.5}{\376\377\000A\000P\000I\000\040\000P\000e\000r\000f\000o\000r\000m\000a\000n\000c\000e\000\040\000T\000e\000s\000t\000i\000n\000g}{chapter.6}% 92
\BOOKMARK [1][-]{section.6.6}{\376\377\000D\000a\000s\000h\000b\000o\000a\000r\000d\000\040\000T\000e\000s\000t\000i\000n\000g}{chapter.6}% 93
\BOOKMARK [0][-]{chapter.7}{\376\377\000T\000e\000c\000h\000n\000o\000l\000o\000g\000i\000e\000s\000\040\000a\000n\000d\000\040\000T\000o\000o\000l\000s\000\040\000U\000s\000e\000d}{}% 94
\BOOKMARK [1][-]{section.7.1}{\376\377\000P\000r\000o\000g\000r\000a\000m\000m\000i\000n\000g\000\040\000L\000a\000n\000g\000u\000a\000g\000e\000:\000\040\000P\000y\000t\000h\000o\000n}{chapter.7}% 95
\BOOKMARK [1][-]{section.7.2}{\376\377\000C\000o\000r\000e\000\040\000M\000a\000c\000h\000i\000n\000e\000\040\000L\000e\000a\000r\000n\000i\000n\000g\000\040\000L\000i\000b\000r\000a\000r\000i\000e\000s}{chapter.7}% 96
\BOOKMARK [2][-]{subsection.7.2.1}{\376\377\000X\000G\000B\000o\000o\000s\000t}{section.7.2}% 97
\BOOKMARK [2][-]{subsection.7.2.2}{\376\377\000s\000c\000i\000k\000i\000t\000-\000l\000e\000a\000r\000n}{section.7.2}% 98
\BOOKMARK [2][-]{subsection.7.2.3}{\376\377\000p\000a\000n\000d\000a\000s\000\040\000a\000n\000d\000\040\000N\000u\000m\000P\000y}{section.7.2}% 99
\BOOKMARK [1][-]{section.7.3}{\376\377\000G\000r\000a\000p\000h\000\040\000A\000n\000a\000l\000y\000s\000i\000s\000:\000\040\000N\000e\000t\000w\000o\000r\000k\000X}{chapter.7}% 100
\BOOKMARK [1][-]{section.7.4}{\376\377\000A\000P\000I\000\040\000F\000r\000a\000m\000e\000w\000o\000r\000k\000:\000\040\000F\000a\000s\000t\000A\000P\000I}{chapter.7}% 101
\BOOKMARK [2][-]{subsection.7.4.1}{\376\377\000U\000v\000i\000c\000o\000r\000n}{section.7.4}% 102
\BOOKMARK [1][-]{section.7.5}{\376\377\000D\000a\000s\000h\000b\000o\000a\000r\000d\000:\000\040\000S\000t\000r\000e\000a\000m\000l\000i\000t}{chapter.7}% 103
\BOOKMARK [1][-]{section.7.6}{\376\377\000D\000a\000t\000a\000\040\000V\000i\000s\000u\000a\000l\000i\000z\000a\000t\000i\000o\000n\000:\000\040\000P\000l\000o\000t\000l\000y}{chapter.7}% 104
\BOOKMARK [1][-]{section.7.7}{\376\377\000V\000e\000r\000s\000i\000o\000n\000\040\000C\000o\000n\000t\000r\000o\000l\000:\000\040\000G\000i\000t\000\040\000a\000n\000d\000\040\000G\000i\000t\000H\000u\000b}{chapter.7}% 105
\BOOKMARK [1][-]{section.7.8}{\376\377\000D\000e\000v\000e\000l\000o\000p\000m\000e\000n\000t\000\040\000T\000o\000o\000l\000s}{chapter.7}% 106
\BOOKMARK [0][-]{chapter.8}{\376\377\000C\000o\000n\000c\000l\000u\000s\000i\000o\000n\000\040\000a\000n\000d\000\040\000F\000u\000t\000u\000r\000e\000\040\000W\000o\000r\000k}{}% 107
\BOOKMARK [1][-]{section.8.1}{\376\377\000C\000o\000n\000c\000l\000u\000s\000i\000o\000n}{chapter.8}% 108
\BOOKMARK [1][-]{section.8.2}{\376\377\000L\000i\000m\000i\000t\000a\000t\000i\000o\000n\000s}{chapter.8}% 109
\BOOKMARK [1][-]{section.8.3}{\376\377\000F\000u\000t\000u\000r\000e\000\040\000W\000o\000r\000k}{chapter.8}% 110
\BOOKMARK [2][-]{subsection.8.3.1}{\376\377\000G\000r\000a\000p\000h\000\040\000N\000e\000u\000r\000a\000l\000\040\000N\000e\000t\000w\000o\000r\000k\000s\000\040\000\050\000G\000N\000N\000\051}{section.8.3}% 111
\BOOKMARK [2][-]{subsection.8.3.2}{\376\377\000R\000e\000a\000l\000-\000T\000i\000m\000e\000\040\000S\000t\000r\000e\000a\000m\000i\000n\000g\000\040\000D\000e\000t\000e\000c\000t\000i\000o\000n}{section.8.3}% 112
\BOOKMARK [2][-]{subsection.8.3.3}{\376\377\000S\000H\000A\000P\000\040\000E\000x\000p\000l\000a\000i\000n\000a\000b\000i\000l\000i\000t\000y}{section.8.3}% 113
\BOOKMARK [2][-]{subsection.8.3.4}{\376\377\000M\000u\000l\000t\000i\000-\000A\000l\000g\000o\000r\000i\000t\000h\000m\000\040\000E\000n\000s\000e\000m\000b\000l\000e}{section.8.3}% 114
\BOOKMARK [2][-]{subsection.8.3.5}{\376\377\000C\000o\000n\000c\000e\000p\000t\000\040\000D\000r\000i\000f\000t\000\040\000D\000e\000t\000e\000c\000t\000i\000o\000n\000\040\000a\000n\000d\000\040\000A\000d\000a\000p\000t\000i\000v\000e\000\040\000R\000e\000t\000r\000a\000i\000n\000i\000n\000g}{section.8.3}% 115
\BOOKMARK [2][-]{subsection.8.3.6}{\376\377\000D\000o\000c\000k\000e\000r\000\040\000D\000e\000p\000l\000o\000y\000m\000e\000n\000t}{section.8.3}% 116
\BOOKMARK [2][-]{subsection.8.3.7}{\376\377\000F\000e\000e\000d\000b\000a\000c\000k\000\040\000L\000o\000o\000p\000\040\000I\000n\000t\000e\000g\000r\000a\000t\000i\000o\000n}{section.8.3}% 117
\BOOKMARK [1][-]{section.8.4}{\376\377\000S\000u\000m\000m\000a\000r\000y}{chapter.8}% 118
\BOOKMARK [0][-]{Item.38}{\376\377\000R\000e\000f\000e\000r\000e\000n\000c\000e\000s}{}% 119
\BOOKMARK [0][-]{appendix*.28}{\376\377\000A\000p\000p\000e\000n\000d\000i\000x\000\040\000A\000:\000\040\000C\000o\000m\000p\000l\000e\000t\000e\000\040\000r\000e\000q\000u\000i\000r\000e\000m\000e\000n\000t\000s\000.\000t\000x\000t}{}% 120
\BOOKMARK [0][-]{appendix*.29}{\376\377\000A\000p\000p\000e\000n\000d\000i\000x\000\040\000B\000:\000\040\000S\000a\000m\000p\000l\000e\000\040\000A\000P\000I\000\040\000R\000e\000q\000u\000e\000s\000t\000\040\000a\000n\000d\000\040\000R\000e\000s\000p\000o\000n\000s\000e}{}% 121
\BOOKMARK [0][-]{appendix*.30}{\376\377\000A\000p\000p\000e\000n\000d\000i\000x\000\040\000C\000:\000\040\000P\000r\000o\000j\000e\000c\000t\000\040\000R\000e\000p\000o\000s\000i\000t\000o\000r\000y\000\040\000S\000t\000r\000u\000c\000t\000u\000r\000e}{}% 122
